Starting backend server... (__name__=__main__)
============================================================
Pattern-Based Academic Document Formatter
============================================================
- No AI dependencies - 100% pattern matching
- Ultra-fast processing - 1000+ lines/second
- 40+ regex patterns loaded
- Zero API costs
- 100% offline capability
============================================================
Server starting at http://localhost:5000
============================================================
 * Serving Flask app 'pattern_formatter_backend'
 * Debug mode: on
Starting backend server... (__name__=__main__)
============================================================
Pattern-Based Academic Document Formatter
============================================================
- No AI dependencies - 100% pattern matching
- Ultra-fast processing - 1000+ lines/second
- 40+ regex patterns loaded
- Zero API costs
- 100% offline capability
============================================================
Server starting at http://localhost:5000
============================================================
DEBUG: Upload request from user limit_test_1767616349, plan=free, docs_this_month=0, balance=0
DEBUG: Checking reset. Last reset: 2026-01-05 12:32:31.986185, Now: 2026-01-05 12:32:36.347417
DEBUG: Checking free tier limit. Used: 0/3
DEBUG: Incrementing docs_this_month to 1
DEBUG: Changes committed.
DEBUG: Returning dict from process_docx
DEBUG: Upload request from user limit_test_1767616349, plan=free, docs_this_month=1, balance=0
DEBUG: Checking reset. Last reset: 2026-01-05 12:32:31.986185, Now: 2026-01-05 12:32:38.765545
DEBUG: Checking free tier limit. Used: 1/3
DEBUG: Incrementing docs_this_month to 2
DEBUG: Changes committed.
DEBUG: Returning dict from process_docx
DEBUG: Upload request from user limit_test_1767616349, plan=free, docs_this_month=2, balance=0
DEBUG: Checking reset. Last reset: 2026-01-05 12:32:31.986185, Now: 2026-01-05 12:32:41.139748
DEBUG: Checking free tier limit. Used: 2/3
DEBUG: Incrementing docs_this_month to 3
DEBUG: Changes committed.
DEBUG: Returning dict from process_docx
DEBUG: Upload request from user limit_test_1767616349, plan=free, docs_this_month=3, balance=0
DEBUG: Checking reset. Last reset: 2026-01-05 12:32:31.986185, Now: 2026-01-05 12:32:43.612261
DEBUG: Checking free tier limit. Used: 3/3
DEBUG: Limit reached.
